[16:18:28.548] [INFO] == Config "Variants" starts ==
[16:18:28.554] [DEBUG] Loading directory src/Fixes/Base
[16:18:28.557] [DEBUG] Loading directory src/Fixes/Lite/Bars_Fix
[16:18:28.566] [DEBUG] Loading directory src/Fixes/Lite/Chain_Fix
[16:18:28.571] [DEBUG] Loading directory src/Fixes/Lite/Cube_Inner_Faces_Fix
[16:18:28.579] [DEBUG] Loading directory src/Fixes/Lite/Dripleaf_Fix
[16:18:28.583] [DEBUG] Loading directory src/Fixes/Lite/Fence_Fix
[16:18:28.593] [DEBUG] Loading directory src/Fixes/Lite/Flower_Pot_Fix
[16:18:28.601] [DEBUG] Loading directory src/Fixes/Lite/Handheld_Arrow
[16:18:28.605] [DEBUG] Loading directory src/Fixes/Lite/Language_Fix
[16:18:28.608] [DEBUG] Loading directory src/Fixes/Lite/Lever_Fix
[16:18:28.614] [DEBUG] Loading directory src/Fixes/Lite/Lightning_Rod_Fix
[16:18:28.617] [DEBUG] Loading directory src/Fixes/Lite/Main
[16:18:28.639] [DEBUG] Loading directory src/Fixes/Lite/Mangrove_Propagule_Fix
[16:18:28.643] [DEBUG] Loading directory src/Fixes/Lite/Modern_Torches
[16:18:28.658] [DEBUG] Loading directory src/Fixes/Lite/Plane_Fix
[16:18:28.684] [DEBUG] Loading directory src/Fixes/Lite/Rail_Fix
[16:18:28.688] [DEBUG] Loading directory src/Fixes/Lite/Random_Rotate
[16:18:28.692] [DEBUG] Loading directory src/Fixes/Lite/Shadeless_Stem
[16:18:28.698] [DEBUG] Loading directory src/Fixes/Lite/Tripwire_Fix
[16:18:28.710] [DEBUG] Loading directory src/Fixes/Lite/Respackopts
[16:18:28.720] [DEBUG] Loading directory src/Fixes/Normal/Better_Sculk_Sensor_Swing
[16:18:28.724] [DEBUG] Loading directory src/Fixes/Normal/Display
[16:18:28.798] [DEBUG] Loading directory src/Fixes/Normal/Mod/EBE
[16:18:28.806] [DEBUG] Loading directory src/Fixes/Normal/Mod/Farmers_Delight
[16:18:28.814] [DEBUG] Loading directory src/Fixes/Normal/Random_Rotate
[16:18:28.817] [DEBUG] Loading directory src/Fixes/Normal/Respackopts
[16:18:28.836] [DEBUG] Variants: Excluded "assets/minecraft/models/block/paths.temp" by extension
[16:18:28.862] [DEBUG] Loading directory src/Fixes/Normal/Shadeless_Lights
[16:18:28.908] [DEBUG] Variants: Zipping "Resource Fixes Lite.zip" costs 0.18724346160888672s
[16:18:28.909] [INFO] Variants: "Resource Fixes Lite.zip" completed (235 files, 183 KiB)
[16:18:28.930] [DEBUG] Copied "out\Variants\Resource Fixes Lite.zip" to "['C:/PCL2/.minecraft/resourcepacks', 'C:/PCL2/.minecraft/versions/Craft to Exile 2 (VR Support)/resourcepacks', 'C:/PCL2/.minecraft/versions/MITE Desperate Survival/resourcepacks', 'C:/PCL2/.minecraft/versions/Shadow Fabric/resourcepacks', "C:/PCL2/.minecraft/versions/Tinker's Construct Pack/resourcepacks"]"
[16:18:28.930] [DEBUG] Loading directory src/Fixes/Normal/Shadeless_Planes
[16:18:28.935] [DEBUG] Loading directory src/Fixes/Normal/Small_Back_Faces
[16:18:28.941] [DEBUG] Loading directory src/Fixes/Textured/End_Portal_Frame_Fix
[16:18:28.945] [DEBUG] Loading directory src/Fixes/Textured/Firefly_Bush_Fix
[16:18:28.950] [DEBUG] Loading directory src/Fixes/Textured/Item_Frame_Tweaks
[16:18:28.962] [DEBUG] Loading directory src/Fixes/Textured/Misc
[16:18:28.971] [DEBUG] Loading directory src/Fixes/Textured/Modern_Recipe_Button_Texture
[16:18:28.974] [DEBUG] Loading directory src/Fixes/Textured/Modern_Redstone_Torch_Texture
[16:18:28.977] [DEBUG] Loading directory src/Fixes/Textured/Modern_Spectator_GUI_Texture
[16:18:28.984] [DEBUG] Loading directory src/Fixes/Textured/Rail_Fix
[16:18:29.008] [DEBUG] Loading directory src/Fixes/Textured/Smooth_Stone_Slab_Fix
[16:18:29.013] [DEBUG] Loading directory src/Fixes/Textured/Tall_Seagrass_Fix
[16:18:29.017] [DEBUG] Loading directory src/Fixes/Textured/Respackopts
[16:18:29.025] [DEBUG] Loading directory src/Tweaks/Normal/3D_Bars
[16:18:29.035] [DEBUG] Loading directory src/Tweaks/Normal/Consistent_Planes
[16:18:29.076] [DEBUG] Loading directory src/Tweaks/Normal/3D_Ladder
[16:18:29.087] [DEBUG] Loading directory src/Tweaks/Normal/3D_Pointed_Dripstone
[16:18:29.099] [DEBUG] Loading directory src/Tweaks/Normal/3D_Redstone_Dust
[16:18:29.113] [DEBUG] Loading directory src/Tweaks/Normal/Axolotl_Bucket_Variants
[16:18:29.143] [DEBUG] Loading directory src/Tweaks/Normal/Better_Animation
[16:18:29.162] [DEBUG] Loading directory src/Tweaks/Normal/Better_Copper_Grate
[16:18:29.176] [DEBUG] Loading directory src/Tweaks/Normal/Better_Cross
[16:18:29.252] [DEBUG] Loading directory src/Tweaks/Normal/Better_Fire
[16:18:29.308] [DEBUG] Loading directory src/Tweaks/Normal/Better_Leaves
[16:18:29.359] [DEBUG] Loading directory src/Tweaks/Normal/Better_Particles
[16:18:29.413] [DEBUG] Loading directory src/Tweaks/Normal/Better_Weather
[16:18:29.419] [DEBUG] Loading directory src/Tweaks/Normal/Clean_Water
[16:18:29.429] [DEBUG] Loading directory src/Tweaks/Normal/Display
[16:18:29.432] [DEBUG] Loading directory src/Tweaks/Normal/Fast_Better_Grass
[16:18:29.457] [DEBUG] Loading directory src/Tweaks/Normal/Language_Tweaks
[16:18:29.465] [DEBUG] Loading directory src/Tweaks/Normal/Mirrored_Pumpkin_Blur
[16:18:29.472] [DEBUG] Loading directory src/Tweaks/Normal/Moist_Farmland
[16:18:29.506] [DEBUG] Loading directory src/Tweaks/Normal/New_Torches
[16:18:29.507] [DEBUG] Variants: Zipping "Resource Fixes.zip" costs 0.5650737285614014s
[16:18:29.508] [INFO] Variants: "Resource Fixes.zip" completed (607 files, 303 KiB)
[16:18:29.534] [DEBUG] Copied "out\Variants\Resource Fixes.zip" to "['C:/PCL2/.minecraft/resourcepacks', 'C:/PCL2/.minecraft/versions/Craft to Exile 2 (VR Support)/resourcepacks', 'C:/PCL2/.minecraft/versions/MITE Desperate Survival/resourcepacks', 'C:/PCL2/.minecraft/versions/Shadow Fabric/resourcepacks', "C:/PCL2/.minecraft/versions/Tinker's Construct Pack/resourcepacks"]"
[16:18:29.553] [DEBUG] Loading directory src/Tweaks/Normal/Respackopts
[16:18:29.593] [DEBUG] Loading directory src/Tweaks/Normal/Sandstone_Tweaks
[16:18:29.625] [DEBUG] Loading directory src/Tweaks/Normal/Square_Shadow
[16:18:29.631] [DEBUG] Loading directory src/Tweaks/Normal/Unlit_Redstone_Ore
[16:18:29.648] [DEBUG] Variants: Zipping "Resource Fixes Textured.zip" costs 0.6222085952758789s
[16:18:29.648] [INFO] Variants: "Resource Fixes Textured.zip" completed (654 files, 327 KiB)
[16:18:29.656] [DEBUG] Loading directory src/Tweaks/Normal/Wide_Bamboo
[16:18:29.676] [DEBUG] Copied "out\Variants\Resource Fixes Textured.zip" to "['C:/PCL2/.minecraft/resourcepacks', 'C:/PCL2/.minecraft/versions/Craft to Exile 2 (VR Support)/resourcepacks', 'C:/PCL2/.minecraft/versions/MITE Desperate Survival/resourcepacks', 'C:/PCL2/.minecraft/versions/Shadow Fabric/resourcepacks', "C:/PCL2/.minecraft/versions/Tinker's Construct Pack/resourcepacks"]"
[16:18:29.702] [DEBUG] Loading zip file src/Tweaks/Normal\Tasty_Items-v1.2.zip
[16:18:29.860] [DEBUG] Variants: Excluded "credits.txt" by relative path
[16:18:29.860] [DEBUG] Variants: Excluded "pack.mcmeta" by relative path
[16:18:29.860] [DEBUG] Variants: Excluded "pack.png" by relative path
[16:18:29.863] [DEBUG] Loading directory src/Tweaks/Normal/Tasty_Items
[16:18:29.887] [DEBUG] Loading zip file src/Tweaks/External\3D Default 1.21.2+ v1.12.1.zip
[16:18:29.960] [DEBUG] Variants: Excluded "assets/minecraft/models/block/bamboo_large_leaves.json" by relative path
[16:18:29.960] [DEBUG] Variants: Excluded "assets/minecraft/models/block/bamboo_small_leaves.json" by relative path
[16:18:30.045] [DEBUG] Variants: Excluded "assets/minecraft/models/block/flower_pot.json" by relative path
[16:18:30.045] [DEBUG] Variants: Excluded "assets/minecraft/models/block/flower_pot_cross.json" by relative path
[16:18:30.070] [DEBUG] Variants: Excluded "assets/minecraft/models/block/lightning_rod.json" by relative path
[16:18:30.070] [DEBUG] Variants: Excluded "assets/minecraft/models/block/lightning_rod_on.json" by relative path
[16:18:30.098] [DEBUG] Variants: Excluded "assets/minecraft/models/block/potted_allium.json" by relative path
[16:18:30.099] [DEBUG] Variants: Excluded "assets/minecraft/models/block/potted_azure_bluet.json" by relative path
[16:18:30.100] [DEBUG] Variants: Excluded "assets/minecraft/models/block/potted_blue_orchid.json" by relative path
[16:18:30.101] [DEBUG] Variants: Excluded "assets/minecraft/models/block/potted_cornflower.json" by relative path
[16:18:30.101] [DEBUG] Variants: Excluded "assets/minecraft/models/block/potted_fern.json" by relative path
[16:18:30.101] [DEBUG] Variants: Excluded "assets/minecraft/models/block/potted_lily_of_the_valley.json" by relative path
[16:18:30.102] [DEBUG] Variants: Excluded "assets/minecraft/models/block/potted_orange_tulip.json" by relative path
[16:18:30.103] [DEBUG] Variants: Excluded "assets/minecraft/models/block/potted_oxeye_daisy.json" by relative path
[16:18:30.103] [DEBUG] Variants: Excluded "assets/minecraft/models/block/potted_pink_tulip.json" by relative path
[16:18:30.103] [DEBUG] Variants: Excluded "assets/minecraft/models/block/potted_poppy.json" by relative path
[16:18:30.104] [DEBUG] Variants: Excluded "assets/minecraft/models/block/potted_red_tulip.json" by relative path
[16:18:30.105] [DEBUG] Variants: Excluded "assets/minecraft/models/block/potted_white_tulip.json" by relative path
[16:18:30.106] [DEBUG] Variants: Excluded "assets/minecraft/models/block/potted_wither_rose.json" by relative path
[16:18:30.113] [DEBUG] Variants: Excluded "assets/minecraft/models/block/redstone_dust_dot.json" by relative path
[16:18:30.113] [DEBUG] Variants: Excluded "assets/minecraft/models/block/redstone_dust_side.json" by relative path
[16:18:30.113] [DEBUG] Variants: Excluded "assets/minecraft/models/block/redstone_dust_side0.json" by relative path
[16:18:30.114] [DEBUG] Variants: Excluded "assets/minecraft/models/block/redstone_dust_side1.json" by relative path
[16:18:30.114] [DEBUG] Variants: Excluded "assets/minecraft/models/block/redstone_dust_side_alt.json" by relative path
[16:18:30.114] [DEBUG] Variants: Excluded "assets/minecraft/models/block/redstone_dust_side_alt0.json" by relative path
[16:18:30.114] [DEBUG] Variants: Excluded "assets/minecraft/models/block/redstone_dust_side_alt1.json" by relative path
[16:18:30.115] [DEBUG] Variants: Excluded "assets/minecraft/models/block/redstone_dust_up.json" by relative path
[16:18:30.150] [DEBUG] Variants: Excluded "assets/minecraft/models/block/template_campfire.json" by relative path
[16:18:30.160] [DEBUG] Variants: Excluded "assets/minecraft/models/block/template_redstone_torch.json" by relative path
[16:18:30.160] [DEBUG] Variants: Excluded "assets/minecraft/models/block/template_redstone_torch_wall.json" by relative path
[16:18:30.202] [DEBUG] Variants: Excluded "assets/minecraft/models/item/black_candle.json" by relative path
[16:18:30.203] [DEBUG] Variants: Excluded "assets/minecraft/models/item/blue_candle.json" by relative path
[16:18:30.204] [DEBUG] Variants: Excluded "assets/minecraft/models/item/brown_candle.json" by relative path
[16:18:30.206] [DEBUG] Variants: Excluded "assets/minecraft/models/item/candle.json" by relative path
[16:18:30.243] [DEBUG] Variants: Excluded "assets/minecraft/models/item/comparator.json" by relative path
[16:18:30.265] [DEBUG] Variants: Excluded "assets/minecraft/models/item/cyan_candle.json" by relative path
[16:18:30.275] [DEBUG] Variants: Excluded "assets/minecraft/models/item/flower_pot.json" by relative path
[16:18:30.280] [DEBUG] Variants: Excluded "assets/minecraft/models/item/gray_candle.json" by relative path
[16:18:30.280] [DEBUG] Variants: Excluded "assets/minecraft/models/item/green_candle.json" by relative path
[16:18:30.281] [DEBUG] Variants: Excluded "assets/minecraft/models/item/honey_bottle.json" by relative path
[16:18:30.288] [DEBUG] Variants: Excluded "assets/minecraft/models/item/ladder.json" by relative path
[16:18:30.288] [DEBUG] Variants: Excluded "assets/minecraft/models/item/lantern.json" by relative path
[16:18:30.288] [DEBUG] Variants: Excluded "assets/minecraft/models/item/lightning_rod.json" by relative path
[16:18:30.289] [DEBUG] Variants: Excluded "assets/minecraft/models/item/light_blue_candle.json" by relative path
[16:18:30.289] [DEBUG] Variants: Excluded "assets/minecraft/models/item/light_gray_candle.json" by relative path
[16:18:30.291] [DEBUG] Variants: Excluded "assets/minecraft/models/item/lime_candle.json" by relative path
[16:18:30.292] [DEBUG] Variants: Excluded "assets/minecraft/models/item/lingering_potion.json" by relative path
[16:18:30.292] [DEBUG] Variants: Excluded "assets/minecraft/models/item/magenta_candle.json" by relative path
[16:18:30.298] [DEBUG] Variants: Excluded "assets/minecraft/models/item/ominous_bottle.json" by relative path
[16:18:30.298] [DEBUG] Variants: Excluded "assets/minecraft/models/item/orange_candle.json" by relative path
[16:18:30.301] [DEBUG] Variants: Excluded "assets/minecraft/models/item/pink_candle.json" by relative path
[16:18:30.302] [DEBUG] Variants: Excluded "assets/minecraft/models/item/potion.json" by relative path
[16:18:30.318] [DEBUG] Variants: Excluded "assets/minecraft/models/item/redstone_torch.json" by relative path
[16:18:30.321] [DEBUG] Variants: Excluded "assets/minecraft/models/item/repeater.json" by relative path
[16:18:30.323] [DEBUG] Variants: Excluded "assets/minecraft/models/item/soul_lantern.json" by relative path
[16:18:30.323] [DEBUG] Variants: Excluded "assets/minecraft/models/item/soul_torch.json" by relative path
[16:18:30.323] [DEBUG] Variants: Excluded "assets/minecraft/models/item/splash_potion.json" by relative path
[16:18:30.328] [DEBUG] Variants: Excluded "assets/minecraft/models/item/torch.json" by relative path
[16:18:30.521] [DEBUG] Variants: Excluded "assets/minecraft/textures/item/honey_bottle.png" by relative path
[16:18:30.524] [DEBUG] Variants: Excluded "assets/minecraft/textures/item/potion.png" by relative path
[16:18:30.524] [DEBUG] Variants: Excluded "assets/minecraft/textures/item/potion_splash.png" by relative path
[16:18:30.537] [DEBUG] Variants: Excluded "pack.mcmeta" by relative path
[16:18:30.541] [DEBUG] Moved "README.md" to "README/GeForceLegend's 3D Default.md"
[16:18:30.563] [DEBUG] Loading directory src/Tweaks/External/3D_Default
[16:18:30.598] [DEBUG] Loading directory src/Tweaks/External/UltiCraft-Models3D
[16:18:30.617] [DEBUG] Loading directory src/Tweaks/External/Respackopts
[16:18:30.915] [DEBUG] Variants: Zipping "Resource Tweaks.zip" costs 1.0406904220581055s
[16:18:30.915] [INFO] Variants: "Resource Tweaks.zip" completed (1735 files, 864 KiB)
[16:18:30.940] [DEBUG] Copied "out\Variants\Resource Tweaks.zip" to "['C:/PCL2/.minecraft/resourcepacks', 'C:/PCL2/.minecraft/versions/Craft to Exile 2 (VR Support)/resourcepacks', 'C:/PCL2/.minecraft/versions/MITE Desperate Survival/resourcepacks', 'C:/PCL2/.minecraft/versions/Shadow Fabric/resourcepacks', "C:/PCL2/.minecraft/versions/Tinker's Construct Pack/resourcepacks"]"
[16:18:31.540] [DEBUG] Variants: Zipping "Resource Tweaks External.zip" costs 0.8538017272949219s
[16:18:31.540] [INFO] Variants: "Resource Tweaks External.zip" completed (3044 files, 1582 KiB)
[16:18:31.561] [DEBUG] Copied "out\Variants\Resource Tweaks External.zip" to "['C:/PCL2/.minecraft/resourcepacks', 'C:/PCL2/.minecraft/versions/Craft to Exile 2 (VR Support)/resourcepacks', 'C:/PCL2/.minecraft/versions/MITE Desperate Survival/resourcepacks', 'C:/PCL2/.minecraft/versions/Shadow Fabric/resourcepacks', "C:/PCL2/.minecraft/versions/Tinker's Construct Pack/resourcepacks"]"
[16:18:31.567] [INFO] Build stops at 2025-09-15 16:18:31.567286, total cost 0:00:03.020444.
