[11:11:22.459] [INFO] == Config "Variants" starts ==
[11:11:22.459] [INFO] == Config "Fixes" starts ==
[11:11:22.460] [INFO] == Config "Tweaks" starts ==
[11:11:22.615] [INFO] Tweaks: "Normal\Clean Water.zip" completed (6 files, 15 KiB)
[11:11:22.632] [INFO] Tweaks: "Normal\Better Weather.zip" completed (3 files, 4 KiB)
[11:11:22.644] [INFO] Fixes: "Lite\Chain Fix.zip" completed (3 files, 2 KiB)
[11:11:22.649] [INFO] Tweaks: "Normal\3D Redstone Dust.zip" completed (6 files, 23 KiB)
[11:11:22.670] [INFO] Tweaks: "Normal\3D Ladder.zip" completed (3 files, 4 KiB)
[11:11:22.713] [INFO] Tweaks: "Normal\3D Pointed Dripstone.zip" completed (11 files, 25 KiB)
[11:11:22.728] [INFO] Tweaks: "Normal\Mirrored Pumpkin Blur.zip" completed (3 files, 16 KiB)
[11:11:22.739] [INFO] Fixes: "Lite\Handheld Arrow.zip" completed (4 files, 1 KiB)
[11:11:22.763] [INFO] Fixes: "Lite\Flower Pot Fix.zip" completed (11 files, 24 KiB)
[11:11:22.774] [INFO] Fixes: "Lite\DripLeaf Fix.zip" completed (7 files, 13 KiB)
[11:11:22.781] [INFO] Tweaks: "Normal\3D Bars.zip" completed (8 files, 9 KiB)
[11:11:22.784] [INFO] Fixes: "Lite\Fence Fix.zip" completed (16 files, 35 KiB)
[11:11:22.790] [INFO] Fixes: "Lite\Lever Fix.zip" completed (4 files, 6 KiB)
[11:11:22.800] [INFO] Fixes: "Textured\Modern Torches.zip" completed (36 files, 81 KiB)
[11:11:22.815] [INFO] Fixes: "Lite\Cube Inner Faces Fix.zip" completed (10 files, 8 KiB)
[11:11:22.838] [INFO] Fixes: "Lite\Mangrove Propagule Fix.zip" completed (7 files, 21 KiB)
[11:11:22.858] [INFO] Fixes: "Lite\Bars Fix.zip" completed (13 files, 8 KiB)
[11:11:22.869] [INFO] Fixes: "Normal\Better Sculk Sensor Swing.zip" completed (3 files, 6 KiB)
[11:11:22.881] [INFO] Tweaks: "Normal\Square Shadow.zip" completed (3 files, 1 KiB)
[11:11:22.882] [INFO] Fixes: "Lite\Language Fix.zip" completed (2 files, 18 KiB)
[11:11:22.930] [INFO] Fixes: "Lite\Lightning Rod Fix.zip" completed (4 files, 4 KiB)
[11:11:22.933] [INFO] Fixes: "Lite\Rail Fix.zip" completed (5 files, 3 KiB)
[11:11:22.940] [INFO] Fixes: "Normal\Small Back Faces.zip" completed (3 files, 8 KiB)
[11:11:22.947] [INFO] Fixes: "Textured\End Portal Frame Fix.zip" completed (2 files, 1 KiB)
[11:11:22.955] [INFO] Tweaks: "Normal\Fast Better Grass.zip" completed (12 files, 7 KiB)
[11:11:22.964] [INFO] Fixes: "Textured\Modern Recipe Button Texture.zip" completed (2 files, 2 KiB)
[11:11:23.002] [INFO] Fixes: "Normal\Shadeless Planes.zip" completed (6 files, 3 KiB)
[11:11:23.002] [INFO] Fixes: "Textured\Modern Spectator GUI Texture.zip" completed (5 files, 4 KiB)
[11:11:23.003] [INFO] Fixes: "Lite\Tripwire (Hook) Fix.zip" completed (16 files, 20 KiB)
[11:11:23.004] [INFO] Fixes: "Normal\Random Rotate.zip" completed (6 files, 3 KiB)
[11:11:23.022] [INFO] Fixes: "Textured\Firefly Bush Fix.zip" completed (4 files, 3 KiB)
[11:11:23.029] [INFO] Tweaks: "Normal\Moist Farmland.zip" completed (15 files, 9 KiB)
[11:11:23.037] [INFO] Fixes: "Textured\Tall Seagrass Fix.zip" completed (3 files, 2 KiB)
[11:11:23.046] [INFO] Tweaks: "Normal\Wide Bamboo.zip" completed (16 files, 14 KiB)
[11:11:23.053] [INFO] Tweaks: "Normal\Unlit Redstone Ore.zip" completed (9 files, 4 KiB)
[11:11:23.089] [INFO] Tweaks: "Normal\Better Copper Grate.zip" completed (14 files, 10 KiB)
[11:11:23.200] [INFO] Tweaks: "Normal\Better Particles.zip" completed (42 files, 19 KiB)
[11:11:23.229] [INFO] Tweaks: "Normal\Glass Tweaks.zip" completed (35 files, 20 KiB)
[11:11:23.265] [INFO] Fixes: "Lite\Plane Fix.zip" completed (33 files, 26 KiB)
[11:11:23.335] [INFO] Tweaks: "Normal\New Torches.zip" completed (30 files, 16 KiB)
[11:11:23.382] [INFO] Tweaks: "Normal\Better Leaves.zip" completed (58 files, 34 KiB)
[11:11:23.386] [INFO] Tweaks: "Normal\Better Cross.zip" completed (106 files, 70 KiB)
[11:11:23.696] [INFO] Variants: "Resource Fixes Lite.zip" completed (225 files, 181 KiB)
[11:11:24.143] [INFO] Variants: "Resource Fixes.zip" completed (452 files, 249 KiB)
[11:11:24.450] [INFO] Variants: "Resource Fixes Textured.zip" completed (499 files, 273 KiB)
[11:11:25.939] [INFO] Variants: "Resource Tweaks.zip" completed (1727 files, 843 KiB)
[11:11:26.460] [INFO] Variants: "Resource Tweaks External.zip" completed (2949 files, 1491 KiB)
[11:11:26.492] [INFO] Build stops at 2025-09-11 11:11:26.492406, total cost 0:00:04.035572.
